<?xml version="1.0" encoding="UTF-8"?>
<!-- Generated by org.testng.reporters.JUnitXMLReporter -->
<testsuite hostname="DESKTOP-694QOOA" ignored="1" name="Test" tests="3" failures="1" timestamp="18 Dec 2018 03:41:51 GMT" time="0.064" errors="0">
  <testcase name="script1" time="0.013" classname="testng.p2">
    <failure type="java.lang.AssertionError" message="null">
      <![CDATA[java.lang.AssertionError: null
at testng.p2.script1(p2.java:23)
... Removed 27 stack frames]]>
    </failure>
  </testcase> <!-- script1 -->
  <testcase name="script2" time="0.004" classname="testng.p2"/>
  <testcase name="script3" time="0.003" classname="testng.p2"/>
  <testcase name="script4" time="0.0" classname="testng.p2">
    <ignored/>
  </testcase> <!-- script4 -->
</testsuite> <!-- Test -->
